\BOOKMARK [1][-]{section.1}{Einleitung}{}% 1
\BOOKMARK [1][-]{section.3}{Vorstellung und Diskussion der ethischen Regeln}{}% 2
\BOOKMARK [2][-]{subsection.4}{Prim\344rziel Sicherheit}{section.3}% 3
\BOOKMARK [2][-]{subsection.5}{Vorrang des Schutzes von Menschen}{section.3}% 4
\BOOKMARK [2][-]{subsection.6}{Gew\344hrleistungsverantwortung der \366ffentlichen Hand}{section.3}% 5
\BOOKMARK [2][-]{subsection.7}{Entscheidungsfreiheit des Einzelnen}{section.3}% 6
\BOOKMARK [2][-]{subsection.8}{Unfallvermeidung}{section.3}% 7
\BOOKMARK [2][-]{subsection.9}{Abw\344gungen zur Einsatzpflicht}{section.3}% 8
\BOOKMARK [2][-]{subsection.10}{Priorit\344t des Schutzes menschlichen Lebens}{section.3}% 9
\BOOKMARK [2][-]{subsection.11}{Nicht-Normierbarkeit dilemmatischer Entscheidungen}{section.3}% 10
\BOOKMARK [2][-]{subsection.12}{Verbot der Qualifizierung m\366glicher Opfer nach pers\366nlichen Merkmalen}{section.3}% 11
\BOOKMARK [2][-]{subsection.13}{Verschiebung der Verantwortung auf die Hersteller}{section.3}% 12
\BOOKMARK [2][-]{subsection.14}{Produkthaftung}{section.3}% 13
\BOOKMARK [2][-]{subsection.15}{Aufkl\344rung der \326ffentlichkeit}{section.3}% 14
\BOOKMARK [2][-]{subsection.16}{Ausschluss der totalen \334berwachung}{section.3}% 15
\BOOKMARK [2][-]{subsection.17}{Erhalt des Vertrauens in den Stra\337enverkehr}{section.3}% 16
\BOOKMARK [2][-]{subsection.19}{Datenhoheit der Verkehrsteilnehmer}{section.3}% 17
\BOOKMARK [2][-]{subsection.20}{Internationale Standardisierung der Protokoll- und Dokumentationspflichten}{section.3}% 18
\BOOKMARK [2][-]{subsection.21}{Vermeidung abrupter \334bergabevorg\344nge}{section.3}% 19
\BOOKMARK [2][-]{subsection.23}{Aufbau eines Szenarienkatalogs}{section.3}% 20
\BOOKMARK [2][-]{subsection.24}{Autonomes \334berf\374hren in sicheren Grundzustand in Notsituationen}{section.3}% 21
\BOOKMARK [2][-]{subsection.25}{Fahrausbildung}{section.3}% 22
\BOOKMARK [1][-]{section.26}{Schlussbemerkung}{}% 23
\BOOKMARK [1][-]{section*.27}{Literatur}{}% 24
